<?xml version="1.0" encoding="UTF-8"?>
<coverage generated="1699067983780" clover="3.2.0">
  <project timestamp="1699067983780" name="All files">
    <metrics statements="18" coveredstatements="18" conditionals="5" coveredconditionals="5" methods="1" coveredmethods="1" elements="24" coveredelements="24" complexity="0" loc="18" ncloc="18" packages="1" files="1" classes="1"/>
    <file name="app.ts" path="C:\MyFiles\Study\training\TSTDD\jest-101\src\app.ts">
      <metrics statements="18" coveredstatements="18" conditionals="5" coveredconditionals="5" methods="1" coveredmethods="1"/>
      <line num="1" count="1" type="stmt"/>
      <line num="2" count="1" type="stmt"/>
      <line num="3" count="1" type="cond" truecount="1" falsecount="0"/>
      <line num="4" count="4" type="stmt"/>
      <line num="5" count="4" type="stmt"/>
      <line num="6" count="4" type="cond" truecount="1" falsecount="0"/>
      <line num="7" count="8" type="stmt"/>
      <line num="8" count="8" type="cond" truecount="1" falsecount="0"/>
      <line num="9" count="6" type="cond" truecount="1" falsecount="0"/>
      <line num="10" count="3" type="stmt"/>
      <line num="11" count="3" type="stmt"/>
      <line num="12" count="3" type="stmt"/>
      <line num="13" count="3" type="stmt"/>
      <line num="14" count="6" type="stmt"/>
      <line num="15" count="2" type="cond" truecount="1" falsecount="0"/>
      <line num="16" count="4" type="stmt"/>
      <line num="17" count="4" type="stmt"/>
      <line num="18" count="4" type="stmt"/>
    </file>
  </project>
</coverage>
