{"C:\\MyFiles\\Study\\training\\TSTDD\\jest-101\\src\\app.ts": {"path":"C:\\MyFiles\\Study\\training\\TSTDD\\jest-101\\src\\app.ts","all":false,"statementMap":{"0":{"start":{"line":1,"column":0},"end":{"line":1,"column":45}},"1":{"start":{"line":2,"column":0},"end":{"line":2,"column":0}},"2":{"start":{"line":3,"column":0},"end":{"line":3,"column":41}},"3":{"start":{"line":4,"column":0},"end":{"line":4,"column":12}},"4":{"start":{"line":5,"column":0},"end":{"line":5,"column":14}},"5":{"start":{"line":6,"column":0},"end":{"line":6,"column":17}},"6":{"start":{"line":7,"column":0},"end":{"line":7,"column":39}},"7":{"start":{"line":8,"column":0},"end":{"line":8,"column":25}},"8":{"start":{"line":9,"column":0},"end":{"line":9,"column":31}},"9":{"start":{"line":10,"column":0},"end":{"line":10,"column":42}},"10":{"start":{"line":11,"column":0},"end":{"line":11,"column":16}},"11":{"start":{"line":12,"column":0},"end":{"line":12,"column":37}},"12":{"start":{"line":13,"column":0},"end":{"line":13,"column":9}},"13":{"start":{"line":14,"column":0},"end":{"line":14,"column":7}},"14":{"start":{"line":15,"column":0},"end":{"line":15,"column":15}},"15":{"start":{"line":16,"column":0},"end":{"line":16,"column":6}},"16":{"start":{"line":17,"column":0},"end":{"line":17,"column":14}},"17":{"start":{"line":18,"column":0},"end":{"line":18,"column":2}}},"s":{"0":1,"1":1,"2":1,"3":4,"4":4,"5":4,"6":8,"7":8,"8":6,"9":3,"10":3,"11":3,"12":3,"13":6,"14":2,"15":4,"16":4,"17":4},"branchMap":{"0":{"type":"branch","line":3,"loc":{"start":{"line":3,"column":23},"end":{"line":18,"column":2}},"locations":[{"start":{"line":3,"column":23},"end":{"line":18,"column":2}}]},"1":{"type":"branch","line":6,"loc":{"start":{"line":6,"column":9},"end":{"line":16,"column":5}},"locations":[{"start":{"line":6,"column":9},"end":{"line":16,"column":5}}]},"2":{"type":"branch","line":8,"loc":{"start":{"line":8,"column":24},"end":{"line":14,"column":7}},"locations":[{"start":{"line":8,"column":24},"end":{"line":14,"column":7}}]},"3":{"type":"branch","line":9,"loc":{"start":{"line":9,"column":30},"end":{"line":13,"column":9}},"locations":[{"start":{"line":9,"column":30},"end":{"line":13,"column":9}}]},"4":{"type":"branch","line":15,"loc":{"start":{"line":15,"column":-2},"end":{"line":16,"column":5}},"locations":[{"start":{"line":15,"column":-2},"end":{"line":16,"column":5}}]}},"b":{"0":[4],"1":[8],"2":[6],"3":[3],"4":[2]},"fnMap":{"0":{"name":"convert","decl":{"start":{"line":3,"column":23},"end":{"line":18,"column":2}},"loc":{"start":{"line":3,"column":23},"end":{"line":18,"column":2}},"line":3}},"f":{"0":4}}
}
