{"C:\\MyFiles\\Study\\training\\TSTDD\\jest-101\\src\\app.ts": {"path":"C:\\MyFiles\\Study\\training\\TSTDD\\jest-101\\src\\app.ts","all":false,"statementMap":{"0":{"start":{"line":1,"column":0},"end":{"line":1,"column":53}},"1":{"start":{"line":2,"column":0},"end":{"line":2,"column":0}},"2":{"start":{"line":3,"column":0},"end":{"line":3,"column":51}},"3":{"start":{"line":4,"column":0},"end":{"line":4,"column":33}},"4":{"start":{"line":5,"column":0},"end":{"line":5,"column":0}},"5":{"start":{"line":6,"column":0},"end":{"line":6,"column":49}},"6":{"start":{"line":7,"column":0},"end":{"line":7,"column":37}},"7":{"start":{"line":8,"column":0},"end":{"line":8,"column":38}},"8":{"start":{"line":9,"column":0},"end":{"line":9,"column":2}},"9":{"start":{"line":10,"column":0},"end":{"line":10,"column":0}},"10":{"start":{"line":11,"column":0},"end":{"line":11,"column":37}},"11":{"start":{"line":12,"column":0},"end":{"line":12,"column":63}},"12":{"start":{"line":13,"column":0},"end":{"line":13,"column":41}},"13":{"start":{"line":14,"column":0},"end":{"line":14,"column":61}},"14":{"start":{"line":15,"column":0},"end":{"line":15,"column":2}}},"s":{"0":1,"1":1,"2":1,"3":1,"4":1,"5":1,"6":6,"7":6,"8":6,"9":1,"10":1,"11":1,"12":1,"13":4,"14":4},"branchMap":{"0":{"type":"branch","line":3,"loc":{"start":{"line":3,"column":17},"end":{"line":4,"column":32}},"locations":[{"start":{"line":3,"column":17},"end":{"line":4,"column":32}}]},"1":{"type":"branch","line":6,"loc":{"start":{"line":6,"column":28},"end":{"line":9,"column":2}},"locations":[{"start":{"line":6,"column":28},"end":{"line":9,"column":2}}]},"2":{"type":"branch","line":11,"loc":{"start":{"line":11,"column":18},"end":{"line":12,"column":62}},"locations":[{"start":{"line":11,"column":18},"end":{"line":12,"column":62}}]},"3":{"type":"branch","line":12,"loc":{"start":{"line":12,"column":24},"end":{"line":12,"column":53}},"locations":[{"start":{"line":12,"column":24},"end":{"line":12,"column":53}}]},"4":{"type":"branch","line":12,"loc":{"start":{"line":12,"column":54},"end":{"line":12,"column":62}},"locations":[{"start":{"line":12,"column":54},"end":{"line":12,"column":62}}]},"5":{"type":"branch","line":13,"loc":{"start":{"line":13,"column":23},"end":{"line":15,"column":2}},"locations":[{"start":{"line":13,"column":23},"end":{"line":15,"column":2}}]}},"b":{"0":[6],"1":[6],"2":[8],"3":[6],"4":[2],"5":[4]},"fnMap":{"0":{"name":"getIndex","decl":{"start":{"line":3,"column":17},"end":{"line":4,"column":32}},"loc":{"start":{"line":3,"column":17},"end":{"line":4,"column":32}},"line":3},"1":{"name":"getLetterWithOffset","decl":{"start":{"line":6,"column":28},"end":{"line":9,"column":2}},"loc":{"start":{"line":6,"column":28},"end":{"line":9,"column":2}},"line":6},"2":{"name":"transform","decl":{"start":{"line":11,"column":18},"end":{"line":12,"column":62}},"loc":{"start":{"line":11,"column":18},"end":{"line":12,"column":62}},"line":11},"3":{"name":"convert","decl":{"start":{"line":13,"column":23},"end":{"line":15,"column":2}},"loc":{"start":{"line":13,"column":23},"end":{"line":15,"column":2}},"line":13}},"f":{"0":6,"1":6,"2":8,"3":4}}
,"C:\\MyFiles\\Study\\training\\TSTDD\\jest-101\\src\\constants.ts": {"path":"C:\\MyFiles\\Study\\training\\TSTDD\\jest-101\\src\\constants.ts","all":false,"statementMap":{"0":{"start":{"line":1,"column":0},"end":{"line":1,"column":49}},"1":{"start":{"line":2,"column":0},"end":{"line":2,"column":28}},"2":{"start":{"line":3,"column":0},"end":{"line":3,"column":24}}},"s":{"0":1,"1":1,"2":1},"branchMap":{},"b":{},"fnMap":{},"f":{}}
}
