TN:
SF:src\app.ts
FN:3,getIndex
FN:6,getLetterWithOffset
FN:11,transform
FN:14,convert
FNF:4
FNH:4
FNDA:6,getIndex
FNDA:6,getLetterWithOffset
FNDA:8,transform
FNDA:4,convert
DA:1,1
DA:2,1
DA:3,1
DA:4,1
DA:5,1
DA:6,1
DA:7,6
DA:8,6
DA:9,6
DA:10,1
DA:11,1
DA:12,1
DA:13,1
DA:14,1
DA:15,4
DA:16,4
LF:16
LH:16
BRDA:3,0,0,6
BRDA:6,1,0,6
BRDA:11,2,0,8
BRDA:12,3,0,6
BRDA:12,4,0,2
BRDA:14,5,0,4
BRF:6
BRH:6
end_of_record
TN:
SF:src\constants.ts
FNF:0
FNH:0
DA:1,1
DA:2,1
DA:3,1
LF:3
LH:3
BRF:0
BRH:0
end_of_record
TN:
SF:src\essentials.ts
FN:1,parse
FN:12,translate
FNF:2
FNH:2
FNDA:5,parse
FNDA:4,translate
DA:1,1
DA:2,5
DA:3,5
DA:4,2
DA:5,5
DA:6,2
DA:7,5
DA:8,1
DA:9,5
DA:10,5
DA:11,1
DA:12,1
DA:13,4
DA:14,4
DA:15,4
DA:16,4
DA:17,4
DA:18,5
DA:19,5
DA:20,4
DA:21,4
DA:22,4
LF:22
LH:22
BRDA:1,0,0,5
BRDA:3,1,0,2
BRDA:5,2,0,2
BRDA:7,3,0,1
BRDA:12,4,0,4
BRDA:17,5,0,5
BRF:6
BRH:6
end_of_record
